SkyBandSDK/build/intermediates/manifest_merge_blame_file/release/manifest-merger-blame-release-report.txt
1<?xml version="1.0" encoding="utf-8"?>
2<manifest xmlns:android="http://schemas.android.com/apk/res/android"
3    package="com.skyband.ecr.sdk" >
4
5    <uses-sdk android:minSdkVersion="19" />
5-->src\main\AndroidManifest.xml
6
7    <uses-permission android:name="android.permission.BLUETOOTH" />
7-->src\main\AndroidManifest.xml:5:5-68
7-->src\main\AndroidManifest.xml:5:22-65
8    <uses-permission android:name="android.permission.BLUETOOTH_ADMIN" />
8-->src\main\AndroidManifest.xml:6:5-73
8-->src\main\AndroidManifest.xml:6:22-71
9    <uses-permission android:name="android.permission.INTERNET" />
9-->src\main\AndroidManifest.xml:7:5-67
9-->src\main\AndroidManifest.xml:7:22-64
10    <uses-permission android:name="android.permission.ACCESS_WIFI_STATE" />
10-->src\main\AndroidManifest.xml:8:5-78
10-->src\main\AndroidManifest.xml:8:22-75
11    <uses-permission android:name="android.permission.ACCESS_NETWORK_STATE" />
11-->src\main\AndroidManifest.xml:9:5-79
11-->src\main\AndroidManifest.xml:9:22-76
12
13</manifest>